Arguments: 
  /usr/local/Cellar/node/9.11.1/bin/node /usr/local/Cellar/yarn/1.5.1_1/libexec/bin/yarn.js test

PATH: 
  /usr/local/bin:/usr/bin:/bin:/usr/sbin:/sbin

Yarn version: 
  1.5.1

Node version: 
  9.11.1

Platform: 
  darwin x64

npm manifest: 
  {
    "name": "mobx_react_app_starter",
    "version": "0.1.0",
    "private": true,
    "dependencies": {
      "@mars/heroku-js-runtime-env": "^3.0.2",
      "@material-ui/icons": "^1.0.0-beta.43",
      "auth0-js": "^9.5.1",
      "material-ui": "^1.0.0-beta.44",
      "mobx": "^3.6.2",
      "mobx-react": "^4.4.3",
      "moment": "^2.22.1",
      "npm": "^5.8.0",
      "react": "^16.3.2",
      "react-dom": "^16.3.2",
      "react-grid-system": "^3.2.3",
      "react-router-dom": "^4.2.2",
      "recharts": "^1.0.0-beta.10",
      "typeface-roboto": "^0.0.45",
      "whatwg-fetch": "^2.0.4",
      "hoek": "^5.0.3"
    },
    "devDependencies": {
      "custom-react-scripts": "0.2.1"
    },
    "scripts": {
      "start": "react-scripts start",
      "build": "react-scripts build",
      "test": "react-scripts test --env=jsdom",
      "eject": "react-scripts eject"
    },
    "proxy": "http://localhost:5000/api"
  }

yarn manifest: 
  No manifest

Lockfile: 
  No lockfile

Trace: 
  Error: Command failed.
  Exit code: 1
  Command: sh
  Arguments: -c react-scripts test --env=jsdom
  Directory: /Users/choiniere/Documents/Github/ctti_app/mobx-cra-node/react-ui
  Output:
  
      at ProcessTermError.MessageError (/usr/local/Cellar/yarn/1.5.1_1/libexec/lib/cli.js:186:110)
      at new ProcessTermError (/usr/local/Cellar/yarn/1.5.1_1/libexec/lib/cli.js:226:113)
      at ChildProcess.<anonymous> (/usr/local/Cellar/yarn/1.5.1_1/libexec/lib/cli.js:30281:17)
      at ChildProcess.emit (events.js:180:13)
      at maybeClose (internal/child_process.js:936:16)
      at Process.ChildProcess._handle.onexit (internal/child_process.js:220:5)
